NOTE: Picked up JDK_JAVA_OPTIONS:  --add-opens=java.base/java.lang=ALL-UNNAMED --add-opens=java.base/java.lang.invoke=ALL-UNNAMED --add-opens=java.base/java.lang.reflect=ALL-UNNAMED --add-opens=java.base/java.io=ALL-UNNAMED --add-opens=java.base/java.util=ALL-UNNAMED --add-opens=java.base/java.util.concurrent=ALL-UNNAMED --add-opens=java.rmi/sun.rmi.transport=ALL-UNNAMED
27-Feb-2026 01:35:05.301 INFO [main] org.apache.catalina.startup.VersionLoggerListener.log Server version name:   Apache Tomcat/9.0.115
27-Feb-2026 01:35:05.303 INFO [main] org.apache.catalina.startup.VersionLoggerListener.log Server built:          Jan 21 2026 08:17:26 UTC
27-Feb-2026 01:35:05.303 INFO [main] org.apache.catalina.startup.VersionLoggerListener.log Server version number: 9.0.115.0
27-Feb-2026 01:35:05.303 INFO [main] org.apache.catalina.startup.VersionLoggerListener.log OS Name:               Mac OS X
27-Feb-2026 01:35:05.303 INFO [main] org.apache.catalina.startup.VersionLoggerListener.log OS Version:            26.3
27-Feb-2026 01:35:05.303 INFO [main] org.apache.catalina.startup.VersionLoggerListener.log Architecture:          aarch64
27-Feb-2026 01:35:05.303 INFO [main] org.apache.catalina.startup.VersionLoggerListener.log Java Home:             /Users/erfanmirzaee/Library/Java/JavaVirtualMachines/openjdk-23.0.2/Contents/Home
27-Feb-2026 01:35:05.304 INFO [main] org.apache.catalina.startup.VersionLoggerListener.log JVM Version:           23.0.2+7-58
27-Feb-2026 01:35:05.304 INFO [main] org.apache.catalina.startup.VersionLoggerListener.log JVM Vendor:            Oracle Corporation
27-Feb-2026 01:35:05.304 INFO [main] org.apache.catalina.startup.VersionLoggerListener.log CATALINA_BASE:         /Users/erfanmirzaee/Downloads/dev/apache-tomcat-9.0.115
27-Feb-2026 01:35:05.304 INFO [main] org.apache.catalina.startup.VersionLoggerListener.log CATALINA_HOME:         /Users/erfanmirzaee/Downloads/dev/apache-tomcat-9.0.115
27-Feb-2026 01:35:05.314 INFO [main] org.apache.catalina.startup.VersionLoggerListener.log Command line argument: --add-opens=java.base/java.lang=ALL-UNNAMED
27-Feb-2026 01:35:05.314 INFO [main] org.apache.catalina.startup.VersionLoggerListener.log Command line argument: --add-opens=java.base/java.lang.invoke=ALL-UNNAMED
27-Feb-2026 01:35:05.314 INFO [main] org.apache.catalina.startup.VersionLoggerListener.log Command line argument: --add-opens=java.base/java.lang.reflect=ALL-UNNAMED
27-Feb-2026 01:35:05.314 INFO [main] org.apache.catalina.startup.VersionLoggerListener.log Command line argument: --add-opens=java.base/java.io=ALL-UNNAMED
27-Feb-2026 01:35:05.314 INFO [main] org.apache.catalina.startup.VersionLoggerListener.log Command line argument: --add-opens=java.base/java.util=ALL-UNNAMED
27-Feb-2026 01:35:05.314 INFO [main] org.apache.catalina.startup.VersionLoggerListener.log Command line argument: --add-opens=java.base/java.util.concurrent=ALL-UNNAMED
27-Feb-2026 01:35:05.314 INFO [main] org.apache.catalina.startup.VersionLoggerListener.log Command line argument: --add-opens=java.rmi/sun.rmi.transport=ALL-UNNAMED
27-Feb-2026 01:35:05.314 INFO [main] org.apache.catalina.startup.VersionLoggerListener.log Command line argument: -Djava.util.logging.config.file=/Users/erfanmirzaee/Downloads/dev/apache-tomcat-9.0.115/conf/logging.properties
27-Feb-2026 01:35:05.314 INFO [main] org.apache.catalina.startup.VersionLoggerListener.log Command line argument: -Djava.util.logging.manager=org.apache.juli.ClassLoaderLogManager
27-Feb-2026 01:35:05.314 INFO [main] org.apache.catalina.startup.VersionLoggerListener.log Command line argument: -Djdk.tls.ephemeralDHKeySize=2048
27-Feb-2026 01:35:05.314 INFO [main] org.apache.catalina.startup.VersionLoggerListener.log Command line argument: -Djava.protocol.handler.pkgs=org.apache.catalina.webresources
27-Feb-2026 01:35:05.314 INFO [main] org.apache.catalina.startup.VersionLoggerListener.log Command line argument: -Dsun.io.useCanonCaches=false
27-Feb-2026 01:35:05.314 INFO [main] org.apache.catalina.startup.VersionLoggerListener.log Command line argument: -Dorg.apache.catalina.security.SecurityListener.UMASK=0027
27-Feb-2026 01:35:05.314 INFO [main] org.apache.catalina.startup.VersionLoggerListener.log Command line argument: -Dignore.endorsed.dirs=
27-Feb-2026 01:35:05.314 INFO [main] org.apache.catalina.startup.VersionLoggerListener.log Command line argument: -Dcatalina.base=/Users/erfanmirzaee/Downloads/dev/apache-tomcat-9.0.115
27-Feb-2026 01:35:05.314 INFO [main] org.apache.catalina.startup.VersionLoggerListener.log Command line argument: -Dcatalina.home=/Users/erfanmirzaee/Downloads/dev/apache-tomcat-9.0.115
27-Feb-2026 01:35:05.314 INFO [main] org.apache.catalina.startup.VersionLoggerListener.log Command line argument: -Djava.io.tmpdir=/Users/erfanmirzaee/Downloads/dev/apache-tomcat-9.0.115/temp
27-Feb-2026 01:35:05.320 INFO [main] org.apache.catalina.core.AprLifecycleListener.lifecycleEvent The Apache Tomcat Native library which allows using OpenSSL was not found on the java.library.path: [/Users/erfanmirzaee/Library/Java/Extensions:/Library/Java/Extensions:/Network/Library/Java/Extensions:/System/Library/Java/Extensions:/usr/lib/java:.]
27-Feb-2026 01:35:05.442 INFO [main] org.apache.coyote.AbstractProtocol.init Initializing ProtocolHandler ["http-nio-8080"]
27-Feb-2026 01:35:05.457 INFO [main] org.apache.catalina.startup.Catalina.load Server initialization in [228] milliseconds
27-Feb-2026 01:35:05.471 INFO [main] org.apache.catalina.core.StandardService.startInternal Starting service [Catalina]
27-Feb-2026 01:35:05.471 INFO [main] org.apache.catalina.core.StandardEngine.startInternal Starting Servlet engine: [Apache Tomcat/9.0.115]
27-Feb-2026 01:35:05.473 INFO [main] org.apache.catalina.startup.HostConfig.deployDirectory Deploying web application directory [/Users/erfanmirzaee/Downloads/dev/apache-tomcat-9.0.115/webapps/docs]
27-Feb-2026 01:35:05.565 INFO [main] org.apache.catalina.startup.HostConfig.deployDirectory Deployment of web application directory [/Users/erfanmirzaee/Downloads/dev/apache-tomcat-9.0.115/webapps/docs] has finished in [92] ms
27-Feb-2026 01:35:05.565 INFO [main] org.apache.catalina.startup.HostConfig.deployDirectory Deploying web application directory [/Users/erfanmirzaee/Downloads/dev/apache-tomcat-9.0.115/webapps/manager]
27-Feb-2026 01:35:05.576 INFO [main] org.apache.catalina.startup.HostConfig.deployDirectory Deployment of web application directory [/Users/erfanmirzaee/Downloads/dev/apache-tomcat-9.0.115/webapps/manager] has finished in [11] ms
27-Feb-2026 01:35:05.576 INFO [main] org.apache.catalina.startup.HostConfig.deployDirectory Deploying web application directory [/Users/erfanmirzaee/Downloads/dev/apache-tomcat-9.0.115/webapps/examples]
27-Feb-2026 01:35:05.647 INFO [main] org.apache.catalina.startup.HostConfig.deployDirectory Deployment of web application directory [/Users/erfanmirzaee/Downloads/dev/apache-tomcat-9.0.115/webapps/examples] has finished in [71] ms
27-Feb-2026 01:35:05.647 INFO [main] org.apache.catalina.startup.HostConfig.deployDirectory Deploying web application directory [/Users/erfanmirzaee/Downloads/dev/apache-tomcat-9.0.115/webapps/ROOT]
27-Feb-2026 01:35:05.652 INFO [main] org.apache.catalina.startup.HostConfig.deployDirectory Deployment of web application directory [/Users/erfanmirzaee/Downloads/dev/apache-tomcat-9.0.115/webapps/ROOT] has finished in [5] ms
27-Feb-2026 01:35:05.652 INFO [main] org.apache.catalina.startup.HostConfig.deployDirectory Deploying web application directory [/Users/erfanmirzaee/Downloads/dev/apache-tomcat-9.0.115/webapps/host-manager]
27-Feb-2026 01:35:05.658 INFO [main] org.apache.catalina.startup.HostConfig.deployDirectory Deployment of web application directory [/Users/erfanmirzaee/Downloads/dev/apache-tomcat-9.0.115/webapps/host-manager] has finished in [6] ms
27-Feb-2026 01:35:05.659 INFO [main] org.apache.coyote.AbstractProtocol.start Starting ProtocolHandler ["http-nio-8080"]
27-Feb-2026 01:35:05.663 INFO [main] org.apache.catalina.startup.Catalina.start Server startup in [205] milliseconds
27-Feb-2026 01:35:29.444 INFO [main] org.apache.catalina.core.StandardServer.await A valid shutdown command was received via the shutdown port. Stopping the Server instance.
27-Feb-2026 01:35:29.444 INFO [main] org.apache.coyote.AbstractProtocol.pause Pausing ProtocolHandler ["http-nio-8080"]
27-Feb-2026 01:35:29.446 INFO [main] org.apache.catalina.core.StandardService.stopInternal Stopping service [Catalina]
27-Feb-2026 01:35:29.454 INFO [main] org.apache.coyote.AbstractProtocol.stop Stopping ProtocolHandler ["http-nio-8080"]
27-Feb-2026 01:35:29.456 INFO [main] org.apache.coyote.AbstractProtocol.destroy Destroying ProtocolHandler ["http-nio-8080"]
